<?xml version="1.0" encoding="UTF-8"?>
<!-- Generated by org.testng.reporters.JUnitReportReporter -->
<testsuite skipped="1" hostname="in-suhailma-1" name="com.actiTime.tests.validloginlogoutTest" tests="1" failures="0" timestamp="04 Mar 2018 05:56:37 GMT" time="0.000" errors="0">
  <testcase name="Testloginlogout" time="0.000" classname="com.actiTime.tests.validloginlogoutTest">
    <skipped/>
  </testcase> <!-- Testloginlogout -->
</testsuite> <!-- com.actiTime.tests.validloginlogoutTest -->
