<?xml version="1.0" encoding="UTF-8"?>
<!-- Generated by org.testng.reporters.JUnitReportReporter -->
<testsuite skipped="0" hostname="in-suhailma-1" name="com.actiTime.tests.DemoTest" tests="1" failures="0" timestamp="04 Mar 2018 05:47:03 GMT" time="0.011" errors="0">
  <testcase name="Demo" time="0.011" classname="com.actiTime.tests.DemoTest"/>
</testsuite> <!-- com.actiTime.tests.DemoTest -->
